14-May-2025 11:39:34.858 INFO [main] org.apache.catalina.startup.VersionLoggerListener.log Server version name:   Apache Tomcat/9.0.102
14-May-2025 11:39:34.873 INFO [main] org.apache.catalina.startup.VersionLoggerListener.log Server built:          Mar 3 2025 19:33:14 UTC
14-May-2025 11:39:34.874 INFO [main] org.apache.catalina.startup.VersionLoggerListener.log Server version number: 9.0.102.0
14-May-2025 11:39:34.874 INFO [main] org.apache.catalina.startup.VersionLoggerListener.log OS Name:               Windows 11
14-May-2025 11:39:34.874 INFO [main] org.apache.catalina.startup.VersionLoggerListener.log OS Version:            10.0
14-May-2025 11:39:34.874 INFO [main] org.apache.catalina.startup.VersionLoggerListener.log Architecture:          amd64
14-May-2025 11:39:34.874 INFO [main] org.apache.catalina.startup.VersionLoggerListener.log Java Home:             C:\Program Files\Java\jdk-23
14-May-2025 11:39:34.874 INFO [main] org.apache.catalina.startup.VersionLoggerListener.log JVM Version:           23+37-2369
14-May-2025 11:39:34.874 INFO [main] org.apache.catalina.startup.VersionLoggerListener.log JVM Vendor:            Oracle Corporation
14-May-2025 11:39:34.874 INFO [main] org.apache.catalina.startup.VersionLoggerListener.log CATALINA_BASE:         C:\Users\yasir\IdeaProjects\oop-webapp08\oop-webapp08
14-May-2025 11:39:34.874 INFO [main] org.apache.catalina.startup.VersionLoggerListener.log CATALINA_HOME:         C:\apache-tomcat-server\apache-tomcat-9.0.102-windows-x64\apache-tomcat-9.0.102
14-May-2025 11:39:34.917 INFO [main] org.apache.catalina.startup.VersionLoggerListener.log Command line argument: --add-opens=java.base/java.lang=ALL-UNNAMED
14-May-2025 11:39:34.917 INFO [main] org.apache.catalina.startup.VersionLoggerListener.log Command line argument: --add-opens=java.base/java.io=ALL-UNNAMED
14-May-2025 11:39:34.917 INFO [main] org.apache.catalina.startup.VersionLoggerListener.log Command line argument: --add-opens=java.base/java.util=ALL-UNNAMED
14-May-2025 11:39:34.917 INFO [main] org.apache.catalina.startup.VersionLoggerListener.log Command line argument: --add-opens=java.base/java.util.concurrent=ALL-UNNAMED
14-May-2025 11:39:34.917 INFO [main] org.apache.catalina.startup.VersionLoggerListener.log Command line argument: --add-opens=java.rmi/sun.rmi.transport=ALL-UNNAMED
14-May-2025 11:39:34.917 INFO [main] org.apache.catalina.startup.VersionLoggerListener.log Command line argument: -Dcatalina.home=C:\apache-tomcat-server\apache-tomcat-9.0.102-windows-x64\apache-tomcat-9.0.102
14-May-2025 11:39:34.917 INFO [main] org.apache.catalina.startup.VersionLoggerListener.log Command line argument: -Dcatalina.base=C:\Users\yasir\IdeaProjects\oop-webapp08\oop-webapp08
14-May-2025 11:39:34.918 INFO [main] org.apache.catalina.startup.VersionLoggerListener.log Command line argument: -Djava.io.tmpdir=C:\Users\yasir\IdeaProjects\oop-webapp08\oop-webapp08\temp
14-May-2025 11:39:34.918 INFO [main] org.apache.catalina.startup.VersionLoggerListener.log Command line argument: -Djava.util.logging.config.file=C:\Users\yasir\IdeaProjects\oop-webapp08\oop-webapp08\conf\logging.properties
14-May-2025 11:39:34.918 INFO [main] org.apache.catalina.startup.VersionLoggerListener.log Command line argument: -Djava.util.logging.manager=org.apache.juli.ClassLoaderLogManager
14-May-2025 11:39:34.918 INFO [main] org.apache.catalina.startup.VersionLoggerListener.log Command line argument: -javaagent:C:\Program Files\JetBrains\IntelliJ IDEA Community Edition 2024.3.3\lib\idea_rt.jar=53442:C:\Program Files\JetBrains\IntelliJ IDEA Community Edition 2024.3.3\bin
14-May-2025 11:39:34.918 INFO [main] org.apache.catalina.startup.VersionLoggerListener.log Command line argument: -Dfile.encoding=UTF-8
14-May-2025 11:39:34.918 INFO [main] org.apache.catalina.startup.VersionLoggerListener.log Command line argument: -Dsun.stdout.encoding=UTF-8
14-May-2025 11:39:34.918 INFO [main] org.apache.catalina.startup.VersionLoggerListener.log Command line argument: -Dsun.stderr.encoding=UTF-8
14-May-2025 11:39:35.523 INFO [main] org.apache.catalina.core.AprLifecycleListener.lifecycleEvent Loaded Apache Tomcat Native library [1.3.1] using APR version [1.7.4].
14-May-2025 11:39:35.523 INFO [main] org.apache.catalina.core.AprLifecycleListener.lifecycleEvent APR capabilities: IPv6 [true], sendfile [true], accept filters [false], random [true], UDS [true].
14-May-2025 11:39:35.523 INFO [main] org.apache.catalina.core.AprLifecycleListener.lifecycleEvent APR/OpenSSL configuration: useAprConnector [false], useOpenSSL [true]
14-May-2025 11:39:35.545 INFO [main] org.apache.catalina.core.AprLifecycleListener.initializeSSL OpenSSL successfully initialized [OpenSSL 3.0.14 4 Jun 2024]
14-May-2025 11:39:35.907 INFO [main] org.apache.coyote.AbstractProtocol.init Initializing ProtocolHandler ["http-nio-8080"]
14-May-2025 11:39:35.925 INFO [main] org.apache.catalina.startup.Catalina.load Server initialization in [1435] milliseconds
14-May-2025 11:39:35.978 INFO [main] org.apache.catalina.core.StandardService.startInternal Starting service [Catalina]
14-May-2025 11:39:35.978 INFO [main] org.apache.catalina.core.StandardEngine.startInternal Starting Servlet engine: [Apache Tomcat/9.0.102]
14-May-2025 11:39:35.987 INFO [main] org.apache.catalina.startup.HostConfig.deployDescriptor Deploying deployment descriptor [C:\Users\yasir\IdeaProjects\oop-webapp08\oop-webapp08\conf\Catalina\localhost\oop-webapp08.xml]
14-May-2025 11:39:36.109 WARNING [main] org.apache.tomcat.util.descriptor.web.WebXml.setVersion Unknown version string [6.1]. Default version will be used.
14-May-2025 11:39:36.134 WARNING [main] org.apache.tomcat.util.descriptor.web.WebXml.setVersion Unknown version string [6.0]. Default version will be used.
14-May-2025 11:39:36.413 INFO [main] org.apache.catalina.startup.HostConfig.deployDescriptor Deployment of deployment descriptor [C:\Users\yasir\IdeaProjects\oop-webapp08\oop-webapp08\conf\Catalina\localhost\oop-webapp08.xml] has finished in [425] ms
14-May-2025 11:39:36.416 INFO [main] org.apache.coyote.AbstractProtocol.start Starting ProtocolHandler ["http-nio-8080"]
14-May-2025 11:39:36.450 INFO [main] org.apache.catalina.startup.Catalina.start Server startup in [523] milliseconds
14-May-2025 11:39:55.144 INFO [Thread-1] org.apache.coyote.AbstractProtocol.pause Pausing ProtocolHandler ["http-nio-8080"]
14-May-2025 11:39:55.153 INFO [Thread-1] org.apache.catalina.core.StandardService.stopInternal Stopping service [Catalina]
14-May-2025 11:39:55.175 INFO [Thread-1] org.apache.coyote.AbstractProtocol.stop Stopping ProtocolHandler ["http-nio-8080"]
14-May-2025 11:39:55.182 INFO [Thread-1] org.apache.coyote.AbstractProtocol.destroy Destroying ProtocolHandler ["http-nio-8080"]
14-May-2025 11:39:57.775 INFO [main] org.apache.catalina.startup.VersionLoggerListener.log Server version name:   Apache Tomcat/9.0.102
14-May-2025 11:39:57.782 INFO [main] org.apache.catalina.startup.VersionLoggerListener.log Server built:          Mar 3 2025 19:33:14 UTC
14-May-2025 11:39:57.783 INFO [main] org.apache.catalina.startup.VersionLoggerListener.log Server version number: 9.0.102.0
14-May-2025 11:39:57.783 INFO [main] org.apache.catalina.startup.VersionLoggerListener.log OS Name:               Windows 11
14-May-2025 11:39:57.783 INFO [main] org.apache.catalina.startup.VersionLoggerListener.log OS Version:            10.0
14-May-2025 11:39:57.783 INFO [main] org.apache.catalina.startup.VersionLoggerListener.log Architecture:          amd64
14-May-2025 11:39:57.783 INFO [main] org.apache.catalina.startup.VersionLoggerListener.log Java Home:             C:\Program Files\Java\jdk-23
14-May-2025 11:39:57.783 INFO [main] org.apache.catalina.startup.VersionLoggerListener.log JVM Version:           23+37-2369
14-May-2025 11:39:57.783 INFO [main] org.apache.catalina.startup.VersionLoggerListener.log JVM Vendor:            Oracle Corporation
14-May-2025 11:39:57.783 INFO [main] org.apache.catalina.startup.VersionLoggerListener.log CATALINA_BASE:         C:\Users\yasir\IdeaProjects\oop-webapp08\oop-webapp08
14-May-2025 11:39:57.783 INFO [main] org.apache.catalina.startup.VersionLoggerListener.log CATALINA_HOME:         C:\apache-tomcat-server\apache-tomcat-9.0.102-windows-x64\apache-tomcat-9.0.102
14-May-2025 11:39:57.795 INFO [main] org.apache.catalina.startup.VersionLoggerListener.log Command line argument: --add-opens=java.base/java.lang=ALL-UNNAMED
14-May-2025 11:39:57.795 INFO [main] org.apache.catalina.startup.VersionLoggerListener.log Command line argument: --add-opens=java.base/java.io=ALL-UNNAMED
14-May-2025 11:39:57.795 INFO [main] org.apache.catalina.startup.VersionLoggerListener.log Command line argument: --add-opens=java.base/java.util=ALL-UNNAMED
14-May-2025 11:39:57.795 INFO [main] org.apache.catalina.startup.VersionLoggerListener.log Command line argument: --add-opens=java.base/java.util.concurrent=ALL-UNNAMED
14-May-2025 11:39:57.795 INFO [main] org.apache.catalina.startup.VersionLoggerListener.log Command line argument: --add-opens=java.rmi/sun.rmi.transport=ALL-UNNAMED
14-May-2025 11:39:57.796 INFO [main] org.apache.catalina.startup.VersionLoggerListener.log Command line argument: -Dcatalina.home=C:\apache-tomcat-server\apache-tomcat-9.0.102-windows-x64\apache-tomcat-9.0.102
14-May-2025 11:39:57.796 INFO [main] org.apache.catalina.startup.VersionLoggerListener.log Command line argument: -Dcatalina.base=C:\Users\yasir\IdeaProjects\oop-webapp08\oop-webapp08
14-May-2025 11:39:57.796 INFO [main] org.apache.catalina.startup.VersionLoggerListener.log Command line argument: -Djava.io.tmpdir=C:\Users\yasir\IdeaProjects\oop-webapp08\oop-webapp08\temp
14-May-2025 11:39:57.796 INFO [main] org.apache.catalina.startup.VersionLoggerListener.log Command line argument: -Djava.util.logging.config.file=C:\Users\yasir\IdeaProjects\oop-webapp08\oop-webapp08\conf\logging.properties
14-May-2025 11:39:57.796 INFO [main] org.apache.catalina.startup.VersionLoggerListener.log Command line argument: -Djava.util.logging.manager=org.apache.juli.ClassLoaderLogManager
14-May-2025 11:39:57.796 INFO [main] org.apache.catalina.startup.VersionLoggerListener.log Command line argument: -javaagent:C:\Program Files\JetBrains\IntelliJ IDEA Community Edition 2024.3.3\lib\idea_rt.jar=53571:C:\Program Files\JetBrains\IntelliJ IDEA Community Edition 2024.3.3\bin
14-May-2025 11:39:57.796 INFO [main] org.apache.catalina.startup.VersionLoggerListener.log Command line argument: -Dfile.encoding=UTF-8
14-May-2025 11:39:57.796 INFO [main] org.apache.catalina.startup.VersionLoggerListener.log Command line argument: -Dsun.stdout.encoding=UTF-8
14-May-2025 11:39:57.796 INFO [main] org.apache.catalina.startup.VersionLoggerListener.log Command line argument: -Dsun.stderr.encoding=UTF-8
14-May-2025 11:39:57.806 INFO [main] org.apache.catalina.core.AprLifecycleListener.lifecycleEvent Loaded Apache Tomcat Native library [1.3.1] using APR version [1.7.4].
14-May-2025 11:39:57.806 INFO [main] org.apache.catalina.core.AprLifecycleListener.lifecycleEvent APR capabilities: IPv6 [true], sendfile [true], accept filters [false], random [true], UDS [true].
14-May-2025 11:39:57.807 INFO [main] org.apache.catalina.core.AprLifecycleListener.lifecycleEvent APR/OpenSSL configuration: useAprConnector [false], useOpenSSL [true]
14-May-2025 11:39:57.854 INFO [main] org.apache.catalina.core.AprLifecycleListener.initializeSSL OpenSSL successfully initialized [OpenSSL 3.0.14 4 Jun 2024]
14-May-2025 11:39:58.323 INFO [main] org.apache.coyote.AbstractProtocol.init Initializing ProtocolHandler ["http-nio-8080"]
14-May-2025 11:39:58.343 INFO [main] org.apache.catalina.startup.Catalina.load Server initialization in [856] milliseconds
14-May-2025 11:39:58.397 INFO [main] org.apache.catalina.core.StandardService.startInternal Starting service [Catalina]
14-May-2025 11:39:58.397 INFO [main] org.apache.catalina.core.StandardEngine.startInternal Starting Servlet engine: [Apache Tomcat/9.0.102]
14-May-2025 11:39:58.404 INFO [main] org.apache.catalina.startup.HostConfig.deployDescriptor Deploying deployment descriptor [C:\Users\yasir\IdeaProjects\oop-webapp08\oop-webapp08\conf\Catalina\localhost\oop-webapp08.xml]
14-May-2025 11:39:58.517 WARNING [main] org.apache.tomcat.util.descriptor.web.WebXml.setVersion Unknown version string [6.1]. Default version will be used.
14-May-2025 11:39:58.552 WARNING [main] org.apache.tomcat.util.descriptor.web.WebXml.setVersion Unknown version string [6.0]. Default version will be used.
14-May-2025 11:39:58.833 INFO [main] org.apache.catalina.startup.HostConfig.deployDescriptor Deployment of deployment descriptor [C:\Users\yasir\IdeaProjects\oop-webapp08\oop-webapp08\conf\Catalina\localhost\oop-webapp08.xml] has finished in [429] ms
14-May-2025 11:39:58.839 INFO [main] org.apache.coyote.AbstractProtocol.start Starting ProtocolHandler ["http-nio-8080"]
14-May-2025 11:39:58.861 INFO [main] org.apache.catalina.startup.Catalina.start Server startup in [515] milliseconds
14-May-2025 11:41:24.241 INFO [Thread-1] org.apache.coyote.AbstractProtocol.pause Pausing ProtocolHandler ["http-nio-8080"]
14-May-2025 11:41:24.257 INFO [Thread-1] org.apache.catalina.core.StandardService.stopInternal Stopping service [Catalina]
14-May-2025 11:41:24.316 INFO [Thread-1] org.apache.coyote.AbstractProtocol.stop Stopping ProtocolHandler ["http-nio-8080"]
14-May-2025 11:41:24.323 INFO [Thread-1] org.apache.coyote.AbstractProtocol.destroy Destroying ProtocolHandler ["http-nio-8080"]
14-May-2025 11:41:29.005 INFO [main] org.apache.catalina.startup.VersionLoggerListener.log Server version name:   Apache Tomcat/9.0.102
14-May-2025 11:41:29.010 INFO [main] org.apache.catalina.startup.VersionLoggerListener.log Server built:          Mar 3 2025 19:33:14 UTC
14-May-2025 11:41:29.010 INFO [main] org.apache.catalina.startup.VersionLoggerListener.log Server version number: 9.0.102.0
14-May-2025 11:41:29.010 INFO [main] org.apache.catalina.startup.VersionLoggerListener.log OS Name:               Windows 11
14-May-2025 11:41:29.010 INFO [main] org.apache.catalina.startup.VersionLoggerListener.log OS Version:            10.0
14-May-2025 11:41:29.010 INFO [main] org.apache.catalina.startup.VersionLoggerListener.log Architecture:          amd64
14-May-2025 11:41:29.010 INFO [main] org.apache.catalina.startup.VersionLoggerListener.log Java Home:             C:\Program Files\Java\jdk-23
14-May-2025 11:41:29.010 INFO [main] org.apache.catalina.startup.VersionLoggerListener.log JVM Version:           23+37-2369
14-May-2025 11:41:29.010 INFO [main] org.apache.catalina.startup.VersionLoggerListener.log JVM Vendor:            Oracle Corporation
14-May-2025 11:41:29.010 INFO [main] org.apache.catalina.startup.VersionLoggerListener.log CATALINA_BASE:         C:\Users\yasir\IdeaProjects\oop-webapp08\oop-webapp08
14-May-2025 11:41:29.011 INFO [main] org.apache.catalina.startup.VersionLoggerListener.log CATALINA_HOME:         C:\apache-tomcat-server\apache-tomcat-9.0.102-windows-x64\apache-tomcat-9.0.102
14-May-2025 11:41:29.017 INFO [main] org.apache.catalina.startup.VersionLoggerListener.log Command line argument: --add-opens=java.base/java.lang=ALL-UNNAMED
14-May-2025 11:41:29.017 INFO [main] org.apache.catalina.startup.VersionLoggerListener.log Command line argument: --add-opens=java.base/java.io=ALL-UNNAMED
14-May-2025 11:41:29.017 INFO [main] org.apache.catalina.startup.VersionLoggerListener.log Command line argument: --add-opens=java.base/java.util=ALL-UNNAMED
14-May-2025 11:41:29.017 INFO [main] org.apache.catalina.startup.VersionLoggerListener.log Command line argument: --add-opens=java.base/java.util.concurrent=ALL-UNNAMED
14-May-2025 11:41:29.017 INFO [main] org.apache.catalina.startup.VersionLoggerListener.log Command line argument: --add-opens=java.rmi/sun.rmi.transport=ALL-UNNAMED
14-May-2025 11:41:29.018 INFO [main] org.apache.catalina.startup.VersionLoggerListener.log Command line argument: -Dcatalina.home=C:\apache-tomcat-server\apache-tomcat-9.0.102-windows-x64\apache-tomcat-9.0.102
14-May-2025 11:41:29.018 INFO [main] org.apache.catalina.startup.VersionLoggerListener.log Command line argument: -Dcatalina.base=C:\Users\yasir\IdeaProjects\oop-webapp08\oop-webapp08
14-May-2025 11:41:29.018 INFO [main] org.apache.catalina.startup.VersionLoggerListener.log Command line argument: -Djava.io.tmpdir=C:\Users\yasir\IdeaProjects\oop-webapp08\oop-webapp08\temp
14-May-2025 11:41:29.018 INFO [main] org.apache.catalina.startup.VersionLoggerListener.log Command line argument: -Djava.util.logging.config.file=C:\Users\yasir\IdeaProjects\oop-webapp08\oop-webapp08\conf\logging.properties
14-May-2025 11:41:29.018 INFO [main] org.apache.catalina.startup.VersionLoggerListener.log Command line argument: -Djava.util.logging.manager=org.apache.juli.ClassLoaderLogManager
14-May-2025 11:41:29.018 INFO [main] org.apache.catalina.startup.VersionLoggerListener.log Command line argument: -javaagent:C:\Program Files\JetBrains\IntelliJ IDEA Community Edition 2024.3.3\lib\idea_rt.jar=53779:C:\Program Files\JetBrains\IntelliJ IDEA Community Edition 2024.3.3\bin
14-May-2025 11:41:29.018 INFO [main] org.apache.catalina.startup.VersionLoggerListener.log Command line argument: -Dfile.encoding=UTF-8
14-May-2025 11:41:29.018 INFO [main] org.apache.catalina.startup.VersionLoggerListener.log Command line argument: -Dsun.stdout.encoding=UTF-8
14-May-2025 11:41:29.018 INFO [main] org.apache.catalina.startup.VersionLoggerListener.log Command line argument: -Dsun.stderr.encoding=UTF-8
14-May-2025 11:41:29.023 INFO [main] org.apache.catalina.core.AprLifecycleListener.lifecycleEvent Loaded Apache Tomcat Native library [1.3.1] using APR version [1.7.4].
14-May-2025 11:41:29.024 INFO [main] org.apache.catalina.core.AprLifecycleListener.lifecycleEvent APR capabilities: IPv6 [true], sendfile [true], accept filters [false], random [true], UDS [true].
14-May-2025 11:41:29.024 INFO [main] org.apache.catalina.core.AprLifecycleListener.lifecycleEvent APR/OpenSSL configuration: useAprConnector [false], useOpenSSL [true]
14-May-2025 11:41:29.050 INFO [main] org.apache.catalina.core.AprLifecycleListener.initializeSSL OpenSSL successfully initialized [OpenSSL 3.0.14 4 Jun 2024]
14-May-2025 11:41:29.461 INFO [main] org.apache.coyote.AbstractProtocol.init Initializing ProtocolHandler ["http-nio-8080"]
14-May-2025 11:41:29.480 INFO [main] org.apache.catalina.startup.Catalina.load Server initialization in [710] milliseconds
14-May-2025 11:41:29.535 INFO [main] org.apache.catalina.core.StandardService.startInternal Starting service [Catalina]
14-May-2025 11:41:29.535 INFO [main] org.apache.catalina.core.StandardEngine.startInternal Starting Servlet engine: [Apache Tomcat/9.0.102]
14-May-2025 11:41:29.541 INFO [main] org.apache.catalina.startup.HostConfig.deployDescriptor Deploying deployment descriptor [C:\Users\yasir\IdeaProjects\oop-webapp08\oop-webapp08\conf\Catalina\localhost\oop-webapp08.xml]
14-May-2025 11:41:29.668 WARNING [main] org.apache.tomcat.util.descriptor.web.WebXml.setVersion Unknown version string [6.1]. Default version will be used.
14-May-2025 11:41:29.696 WARNING [main] org.apache.tomcat.util.descriptor.web.WebXml.setVersion Unknown version string [6.0]. Default version will be used.
14-May-2025 11:41:30.555 INFO [main] org.apache.jasper.servlet.TldScanner.scanJars At least one JAR was scanned for TLDs yet contained no TLDs. Enable debug logging for this logger for a complete list of JARs that were scanned but no TLDs were found in them. Skipping unneeded JARs during scanning can improve startup time and JSP compilation time.
14-May-2025 11:41:30.659 INFO [main] org.apache.catalina.startup.HostConfig.deployDescriptor Deployment of deployment descriptor [C:\Users\yasir\IdeaProjects\oop-webapp08\oop-webapp08\conf\Catalina\localhost\oop-webapp08.xml] has finished in [1,118] ms
14-May-2025 11:41:30.662 INFO [main] org.apache.coyote.AbstractProtocol.start Starting ProtocolHandler ["http-nio-8080"]
14-May-2025 11:41:30.682 INFO [main] org.apache.catalina.startup.Catalina.start Server startup in [1200] milliseconds
